android/widget/build/intermediates/manifest_merge_blame_file/debug/processDebugManifest/manifest-merger-blame-debug-report.txt
1<?xml version="1.0" encoding="utf-8"?>
2<manifest xmlns:android="http://schemas.android.com/apk/res/android"
3    package="com.syncengine.hub.widget" >
4
5    <uses-sdk android:minSdkVersion="26" />
6
7    <application>
7-->src\main\AndroidManifest.xml:4:5-28:19
8        <receiver
8-->src\main\AndroidManifest.xml:5:9-15:20
9            android:name="com.syncengine.hub.widget.HourWidgetProvider"
9-->src\main\AndroidManifest.xml:6:13-47
10            android:exported="true"
10-->src\main\AndroidManifest.xml:7:13-36
11            android:label="@string/widget_hour_name" >
11-->src\main\AndroidManifest.xml:8:13-53
12            <intent-filter>
12-->src\main\AndroidManifest.xml:9:13-11:29
13                <action android:name="android.appwidget.action.APPWIDGET_UPDATE" />
13-->src\main\AndroidManifest.xml:10:17-84
13-->src\main\AndroidManifest.xml:10:25-81
14            </intent-filter>
15
16            <meta-data
16-->src\main\AndroidManifest.xml:12:13-14:60
17                android:name="android.appwidget.provider"
17-->src\main\AndroidManifest.xml:13:17-58
18                android:resource="@xml/hour_widget_info" />
18-->src\main\AndroidManifest.xml:14:17-57
19        </receiver>
20        <receiver
20-->src\main\AndroidManifest.xml:17:9-27:20
21            android:name="com.syncengine.hub.widget.HubGlanceWidgetReceiver"
21-->src\main\AndroidManifest.xml:18:13-52
22            android:exported="true"
22-->src\main\AndroidManifest.xml:19:13-36
23            android:label="Sync Engine Hub Widget" >
23-->src\main\AndroidManifest.xml:20:13-51
24            <intent-filter>
24-->src\main\AndroidManifest.xml:9:13-11:29
25                <action android:name="android.appwidget.action.APPWIDGET_UPDATE" />
25-->src\main\AndroidManifest.xml:10:17-84
25-->src\main\AndroidManifest.xml:10:25-81
26            </intent-filter>
27
28            <meta-data
28-->src\main\AndroidManifest.xml:12:13-14:60
29                android:name="android.appwidget.provider"
29-->src\main\AndroidManifest.xml:13:17-58
30                android:resource="@xml/hub_widget_info" />
30-->src\main\AndroidManifest.xml:14:17-57
31        </receiver>
32    </application>
33
34</manifest>